Arguments: 
  /home/tiago-ntb/.nvm/versions/node/v11.1.0/bin/node /usr/share/yarn/bin/yarn.js

PATH: 
  /home/tiago-ntb/.fastlane/bin:/home/tiago-ntb/.zplugin/polaris/bin:/home/tiago-ntb/.nvm/versions/node/v11.1.0/bin:/home/tiago-ntb/.fastlane/bin:/home/tiago-ntb/.local/bin:/usr/local/sbin:/usr/local/bin:/usr/sbin:/usr/bin:/sbin:/bin:/usr/games:/usr/local/games:/snap/bin:/usr/bin/mysql/bin:/home/tiago-ntb/Android/Sdk/tools:/home/tiago-ntb/Android/Sdk/platform-tools:/usr/local/bin:/opt/yarn-[version]/bin:/home/tiago-ntb/Android/Sdk/tools:/home/tiago-ntb/Android/Sdk/platform-tools:/usr/local/bin:/opt/yarn-[version]/bin

Yarn version: 
  1.22.4

Node version: 
  11.1.0

Platform: 
  linux x64

Trace: 
  SyntaxError: /home/tiago-ntb/Desenvolvimento/Design-Patterns/Adapter/package.json: Unexpected end of JSON input
      at JSON.parse (<anonymous>)
      at /usr/share/yarn/lib/cli.js:1625:59
      at Generator.next (<anonymous>)
      at step (/usr/share/yarn/lib/cli.js:310:30)
      at /usr/share/yarn/lib/cli.js:321:13

npm manifest: 
  

yarn manifest: 
  No manifest

Lockfile: 
  No lockfile
